2020-08-27 01:02:43 TRACE CommonsLogApplication:23 - A TRACE MessageLogModel [ServiceName=Test Service, ServiceVersion=1, dockerId=Test1]
2020-08-27 01:02:43 DEBUG CommonsLogApplication:24 - A DEBUG Message
2020-08-27 01:02:43 INFO  CommonsLogApplication:25 - An INFO MessageLogModel [ServiceName=Test Service, ServiceVersion=1, dockerId=Test1]
2020-08-27 01:02:43 WARN  CommonsLogApplication:26 - A WARN Message
2020-08-27 01:02:43 ERROR CommonsLogApplication:27 - An ERROR Message
2020-08-27 01:07:39 TRACE CommonsLogApplication:23 - A TRACE MessageLogModel [ServiceName=Test Service, ServiceVersion=1, dockerId=Test1]
2020-08-27 01:07:39 DEBUG CommonsLogApplication:24 - A DEBUG Message
2020-08-27 01:07:39 INFO  CommonsLogApplication:25 - An INFO MessageLogModel [ServiceName=Test Service, ServiceVersion=1, dockerId=Test1]
2020-08-27 01:07:39 WARN  CommonsLogApplication:26 - A WARN Message
2020-08-27 01:07:39 ERROR CommonsLogApplication:27 - An ERROR Message
2020-08-27 01:09:27 TRACE CommonsLogApplication:23 - A TRACE MessageLogModel [ServiceName=Test Service, ServiceVersion=1, dockerId=Test1]
2020-08-27 01:09:27 DEBUG CommonsLogApplication:24 - A DEBUG Message
2020-08-27 01:09:27 INFO  CommonsLogApplication:25 - An INFO MessageLogModel [ServiceName=Test Service, ServiceVersion=1, dockerId=Test1]
2020-08-27 01:09:27 WARN  CommonsLogApplication:26 - A WARN Message
2020-08-27 01:09:27 ERROR CommonsLogApplication:27 - An ERROR Message
2020-08-27 01:16:03 TRACE CommonsLogApplication:23 - A TRACE MessageLogModel [ServiceName=Test Service, ServiceVersion=1, dockerId=Test1]
2020-08-27 01:16:03 DEBUG CommonsLogApplication:24 - A DEBUG Message
2020-08-27 01:16:03 INFO  CommonsLogApplication:25 - An INFO MessageLogModel [ServiceName=Test Service, ServiceVersion=1, dockerId=Test1]
2020-08-27 01:16:03 WARN  CommonsLogApplication:26 - A WARN Message
2020-08-27 01:16:03 ERROR CommonsLogApplication:27 - An ERROR Message
2020-08-27 01:18:26 TRACE CommonsLogApplication:23 - A TRACE MessageLogModel [ServiceName=Test Service, ServiceVersion=1, dockerId=Test1]
2020-08-27 01:18:26 DEBUG CommonsLogApplication:24 - A DEBUG Message
2020-08-27 01:18:26 INFO  CommonsLogApplication:25 - An INFO MessageLogModel [ServiceName=Test Service, ServiceVersion=1, dockerId=Test1]
2020-08-27 01:18:26 WARN  CommonsLogApplication:26 - A WARN Message
2020-08-27 01:18:26 ERROR CommonsLogApplication:27 - An ERROR Message
2020-08-27 01:19:25 TRACE CommonsLogApplication:23 - A TRACE MessageLogModel [ServiceName=Test Service, ServiceVersion=1, dockerId=Test1]
2020-08-27 01:19:25 DEBUG CommonsLogApplication:24 - A DEBUG Message
2020-08-27 01:19:25 INFO  CommonsLogApplication:25 - An INFO MessageLogModel [ServiceName=Test Service, ServiceVersion=1, dockerId=Test1]
2020-08-27 01:19:25 WARN  CommonsLogApplication:26 - A WARN Message
2020-08-27 01:19:25 ERROR CommonsLogApplication:27 - An ERROR Message
2020-08-27 01:28:17 INFO  CommonsLogApplication:23 - An INFO MessageLogModel [ServiceName=Test Service, ServiceVersion=1, dockerId=Test1]
2020-08-27 01:50:49 INFO  CommonsLogApplication:37 - LogModel [ServiceName=Test Service, ServiceVersion=1, dockerId=Test1]
2020-08-27 01:51:31 INFO  CommonsLogApplication:37 - LogModel [ServiceName=Test Service, ServiceVersion=1, dockerId=Test1]
2020-08-27 01:51:31 DEBUG CommonsLogApplication:30 - LogModel [ServiceName=Test Service, ServiceVersion=1, dockerId=Test1]
